<?xml version="1.0" encoding="UTF-8"?>
<testng-results skipped="0" failed="0" total="2" passed="2">
  <reporter-output>
  </reporter-output>
  <suite name="Default suite" duration-ms="22327" started-at="2014-05-02T07:17:40Z" finished-at="2014-05-02T07:18:03Z">
    <groups>
    </groups>
    <test name="Default test" duration-ms="22327" started-at="2014-05-02T07:17:40Z" finished-at="2014-05-02T07:18:03Z">
      <class name="com.example.tests.ContactCreationTest">
        <test-method status="PASS" signature="setUp()[pri:0, instance:com.example.tests.ContactCreationTest@1dc818d]" name="setUp" is-config="true" duration-ms="17" started-at="2014-05-02T10:17:40Z" finished-at="2014-05-02T10:17:40Z">
          <reporter-output>
          </reporter-output>
        </test-method> <!-- setUp -->
        <test-method status="PASS" signature="ContactCreationWithValidData(com.example.tests.ContactData)[pri:0, instance:com.example.tests.ContactCreationTest@1dc818d]" name="ContactCreationWithValidData" duration-ms="16094" started-at="2014-05-02T10:17:40Z" data-provider="contactsFromFile" finished-at="2014-05-02T10:17:56Z">
          <params>
            <param index="0">
              <value>
                <![CDATA[ContactData [firstname=name, lastname=lastname]]]>
              </value>
            </param>
          </params>
          <reporter-output>
          </reporter-output>
        </test-method> <!-- ContactCreationWithValidData -->
        <test-method status="PASS" signature="ContactCreationWithValidData(com.example.tests.ContactData)[pri:0, instance:com.example.tests.ContactCreationTest@1dc818d]" name="ContactCreationWithValidData" duration-ms="4814" started-at="2014-05-02T10:17:56Z" data-provider="contactsFromFile" finished-at="2014-05-02T10:18:01Z">
          <params>
            <param index="0">
              <value>
                <![CDATA[ContactData [firstname=name1816821731, lastname=lastname343454508]]]>
              </value>
            </param>
          </params>
          <reporter-output>
          </reporter-output>
        </test-method> <!-- ContactCreationWithValidData -->
        <test-method status="PASS" signature="tearDown()[pri:0, instance:com.example.tests.ContactCreationTest@1dc818d]" name="tearDown" is-config="true" duration-ms="1385" started-at="2014-05-02T10:18:01Z" finished-at="2014-05-02T10:18:03Z">
          <reporter-output>
          </reporter-output>
        </test-method> <!-- tearDown -->
      </class> <!-- com.example.tests.ContactCreationTest -->
    </test> <!-- Default test -->
  </suite> <!-- Default suite -->
</testng-results>
