<?xml version="1.0" encoding="UTF-8"?>
<testng-results skipped="0" failed="0" total="2" passed="2">
  <reporter-output>
  </reporter-output>
  <suite name="Default suite" duration-ms="23440" started-at="2014-03-02T21:26:28Z" finished-at="2014-03-02T21:26:51Z">
    <groups>
    </groups>
    <test name="Default test" duration-ms="23440" started-at="2014-03-02T21:26:28Z" finished-at="2014-03-02T21:26:51Z">
      <class name="com.example.tests.lesson1addressbook">
        <test-method status="PASS" signature="setUp()[pri:0, instance:com.example.tests.lesson1addressbook@120f0be]" name="setUp" is-config="true" duration-ms="9219" started-at="2014-03-02T23:26:28Z" finished-at="2014-03-02T23:26:37Z">
          <reporter-output>
          </reporter-output>
        </test-method> <!-- setUp -->
        <test-method status="PASS" signature="testEmptyGroupCreation()[pri:0, instance:com.example.tests.lesson1addressbook@120f0be]" name="testEmptyGroupCreation" duration-ms="7054" started-at="2014-03-02T23:26:37Z" finished-at="2014-03-02T23:26:44Z">
          <reporter-output>
          </reporter-output>
        </test-method> <!-- testEmptyGroupCreation -->
        <test-method status="PASS" signature="testNonEmptyGroupCreation()[pri:0, instance:com.example.tests.lesson1addressbook@120f0be]" name="testNonEmptyGroupCreation" duration-ms="6584" started-at="2014-03-02T23:26:44Z" finished-at="2014-03-02T23:26:51Z">
          <reporter-output>
          </reporter-output>
        </test-method> <!-- testNonEmptyGroupCreation -->
        <test-method status="PASS" signature="tearDown()[pri:0, instance:com.example.tests.lesson1addressbook@120f0be]" name="tearDown" is-config="true" duration-ms="570" started-at="2014-03-02T23:26:51Z" finished-at="2014-03-02T23:26:51Z">
          <reporter-output>
          </reporter-output>
        </test-method> <!-- tearDown -->
      </class> <!-- com.example.tests.lesson1addressbook -->
    </test> <!-- Default test -->
  </suite> <!-- Default suite -->
</testng-results>
