<?xml version="1.0" encoding="UTF-8"?>
<testng-results skipped="0" failed="0" total="1" passed="1">
  <reporter-output>
  </reporter-output>
  <suite name="Default suite" duration-ms="4155" started-at="2014-04-28T06:34:19Z" finished-at="2014-04-28T06:34:23Z">
    <groups>
    </groups>
    <test name="Default test" duration-ms="4155" started-at="2014-04-28T06:34:19Z" finished-at="2014-04-28T06:34:23Z">
      <class name="com.example.tests.TestContactDeleting">
        <test-method status="PASS" signature="setUp()[pri:0, instance:com.example.tests.TestContactDeleting@dd67cf]" name="setUp" is-config="true" duration-ms="198" started-at="2014-04-28T09:34:19Z" finished-at="2014-04-28T09:34:19Z">
          <reporter-output>
          </reporter-output>
        </test-method> <!-- setUp -->
        <test-method status="PASS" signature="shouldDeleteContact()[pri:0, instance:com.example.tests.TestContactDeleting@dd67cf]" name="shouldDeleteContact" duration-ms="3931" started-at="2014-04-28T09:34:19Z" finished-at="2014-04-28T09:34:23Z">
          <reporter-output>
          </reporter-output>
        </test-method> <!-- shouldDeleteContact -->
        <test-method status="PASS" signature="tearDown()[pri:0, instance:com.example.tests.TestContactDeleting@dd67cf]" name="tearDown" is-config="true" duration-ms="1" started-at="2014-04-28T09:34:23Z" finished-at="2014-04-28T09:34:23Z">
          <reporter-output>
          </reporter-output>
        </test-method> <!-- tearDown -->
      </class> <!-- com.example.tests.TestContactDeleting -->
    </test> <!-- Default test -->
  </suite> <!-- Default suite -->
</testng-results>
