<?xml version="1.0" encoding="UTF-8"?>
<testng-results skipped="0" failed="0" total="1" passed="1">
  <reporter-output>
  </reporter-output>
  <suite name="Default suite" duration-ms="3005260" started-at="2014-04-21T09:41:02Z" finished-at="2014-04-21T10:31:07Z">
    <groups>
    </groups>
    <test name="Default test" duration-ms="3005260" started-at="2014-04-21T09:41:02Z" finished-at="2014-04-21T10:31:07Z">
      <class name="com.example.tests.TestContactCreation">
        <test-method status="PASS" signature="setUp()[pri:0, instance:com.example.tests.TestContactCreation@1e247e2]" name="setUp" is-config="true" duration-ms="16" started-at="2014-04-21T12:41:02Z" finished-at="2014-04-21T12:41:02Z">
          <reporter-output>
          </reporter-output>
        </test-method> <!-- setUp -->
        <test-method status="PASS" signature="shouldCreateContactWithValidData()[pri:0, instance:com.example.tests.TestContactCreation@1e247e2]" name="shouldCreateContactWithValidData" duration-ms="3005221" started-at="2014-04-21T12:41:02Z" finished-at="2014-04-21T13:31:07Z">
          <reporter-output>
          </reporter-output>
        </test-method> <!-- shouldCreateContactWithValidData -->
        <test-method status="PASS" signature="tearDown()[pri:0, instance:com.example.tests.TestContactCreation@1e247e2]" name="tearDown" is-config="true" duration-ms="1" started-at="2014-04-21T13:31:07Z" finished-at="2014-04-21T13:31:07Z">
          <reporter-output>
          </reporter-output>
        </test-method> <!-- tearDown -->
      </class> <!-- com.example.tests.TestContactCreation -->
    </test> <!-- Default test -->
  </suite> <!-- Default suite -->
</testng-results>
